<?xml version="1.0" encoding="UTF-8"?>
<robot generator="Robot 5.0.1 (Python 3.10.6 on win32)" generated="20220926 23:18:02.728" rpa="false" schemaversion="3">
<suite id="s1" name="Home" source="C:\Users\rodne\Desktop\Cursos\twp-mobile\home.robot">
<test id="s1-t1" name="Deve Abrir o App" line="6">
<kw name="Open Application" library="AppiumLibrary">
<arg>http://localhost:4723/wd/hub</arg>
<arg>automationName=UiAutomator2</arg>
<arg>platformName=Android</arg>
<arg>deviceName=Pixel2</arg>
<arg>app=${EXECDIR}\\app\\twp.apk</arg>
<arg>udid=emulator-5554</arg>
<doc>Opens a new application to given Appium server.
Capabilities of appium server, Android and iOS,
Please check https://github.com/appium/appium/blob/master/docs/en/writing-running-appium/server-args.md
| *Option*            | *Man.* | *Description*     |
| remote_url          | Yes    | Appium server url |
| alias               | no     | alias             |</doc>
<status status="PASS" starttime="20220926 23:18:02.874" endtime="20220926 23:18:16.077"/>
</kw>
<kw name="Wait Until Page Contains" library="AppiumLibrary">
<arg>Training Wheels Protocol</arg>
<arg>5</arg>
<doc>Waits until `text` appears on current page.</doc>
<status status="PASS" starttime="20220926 23:18:16.078" endtime="20220926 23:18:17.615"/>
</kw>
<kw name="Close Application" library="AppiumLibrary">
<doc>Closes the current application and also close webdriver session.</doc>
<status status="PASS" starttime="20220926 23:18:17.615" endtime="20220926 23:18:18.124"/>
</kw>
<status status="PASS" starttime="20220926 23:18:02.873" endtime="20220926 23:18:18.124"/>
</test>
<status status="PASS" starttime="20220926 23:18:02.730" endtime="20220926 23:18:18.124"/>
</suite>
<statistics>
<total>
<stat pass="1" fail="0" skip="0">All Tests</stat>
</total>
<tag>
</tag>
<suite>
<stat pass="1" fail="0" skip="0" id="s1" name="Home">Home</stat>
</suite>
</statistics>
<errors>
</errors>
</robot>
